+q
+b main
Breakpoint 1 at 0x40146e: file c:\Users\vaibh\c-activity-sets\c-activity-sets\set02\problem05.c, line 9.
+r
Starting program: c:\Users\vaibh\c-activity-sets\c-activity-sets\set02/./problem05.exe 
[New Thread 3224.0x1934]
[New Thread 3224.0x5d94]

Breakpoint 1, main () at c:\Users\vaibh\c-activity-sets\c-activity-sets\set02\problem05.c:9
9	    num1 = input();
+n
10	    num2 = input();
+8
Undefined command: "8".  Try "help".
+n
11	    int gcd = find_gcd(num1, num2);
+s
find_gcd (a=7, b=8) at c:\Users\vaibh\c-activity-sets\c-activity-sets\set02\problem05.c:24
24	     while (b != 0) {
+n
25	        a = a% b;
+n
26	        if (a == 0)
+p a
$1 = 7
+n
28	        b=b% a;
+n
24	     while (b != 0) {
+n
25	        a = a% b;
+n
26	        if (a == 0)
+n
27	            return b;
+n
31	}
+n
main () at c:\Users\vaibh\c-activity-sets\c-activity-sets\set02\problem05.c:12
12	    output(num1, num2, gcd);
+n
13	    return 0;
+n
14	}
+n
0x00401288 in __register_frame_info ()
+n
Single stepping until exit from function __register_frame_info,
which has no line number information.
0x0040128a in __register_frame_info ()
+q
A debugging session is active.

	Inferior 1 [process 3224] will be killed.

Quit anyway? (y or n) error return ../../gdb-7.6.1/gdb/windows-nat.c:1275 was 5
