Undefined command: "bset".  Try "help".
Breakpoint 1 at 0x401479: file c:\Users\vaibh\c-activity-sets\c-activity-sets\set02\problem08.c, line 17.
Starting program: c:\Users\vaibh\c-activity-sets\c-activity-sets\set02/./problem08.exe 
[New Thread 20248.0x4e90]
[New Thread 20248.0xf84]

Breakpoint 1, 0x00401479 in main () at c:\Users\vaibh\c-activity-sets\c-activity-sets\set02\problem08.c:17
17	int main(){
18	    int n=input_n();
input_n () at c:\Users\vaibh\c-activity-sets\c-activity-sets\set02\problem08.c:30
30	    printf("Enter the number of triangles:");
31	    scanf("%f",&n);
32	    return n;
33	}
main () at c:\Users\vaibh\c-activity-sets\c-activity-sets\set02\problem08.c:19
19	    Triangle triangle[n];

Program received signal SIGSEGV, Segmentation fault.
__chkstk_ms () at ../../../src/gcc-6.3.0/libgcc/config/i386/cygwin.S:172
172	../../../src/gcc-6.3.0/libgcc/config/i386/cygwin.S: No such file or directory.

Program received signal SIGSEGV, Segmentation fault.
__chkstk_ms () at ../../../src/gcc-6.3.0/libgcc/config/i386/cygwin.S:172
172	in ../../../src/gcc-6.3.0/libgcc/config/i386/cygwin.S
A debugging session is active.

	Inferior 1 [process 20248] will be killed.

Quit anyway? (y or n) error return ../../gdb-7.6.1/gdb/windows-nat.c:1275 was 5
