+b-main
Undefined command: "b-main".  Try "help".
+b main
Breakpoint 1 at 0x40146e: file c:\Users\vaibh\c-activity-sets\c-activity-sets\set02\problem07.c, line 14.
+r
Starting program: c:\Users\vaibh\c-activity-sets\c-activity-sets\set02/./problem07.exe 
[New Thread 4864.0x4260]
[New Thread 4864.0x4798]

Breakpoint 1, main () at c:\Users\vaibh\c-activity-sets\c-activity-sets\set02\problem07.c:14
14		t=input_triangle();
+n
15		find_area(&t);
+p t.base
$1 = 3
+n
16		output(t);
+n
17		return 0;
+q
A debugging session is active.

	Inferior 1 [process 4864] will be killed.

Quit anyway? (y or n) error return ../../gdb-7.6.1/gdb/windows-nat.c:1275 was 5
+b main
Breakpoint 1 at 0x40146e: file c:\Users\vaibh\c-activity-sets\c-activity-sets\set02\problem07.c, line 14.
+n
The program is not being run.
+r
Starting program: c:\Users\vaibh\c-activity-sets\c-activity-sets\set02/./problem07.exe 
[New Thread 5964.0xb50]
[New Thread 5964.0x1468]

Breakpoint 1, main () at c:\Users\vaibh\c-activity-sets\c-activity-sets\set02\problem07.c:14
14		t=input_triangle();
+n
15		find_area(&t);
+s
find_area (t=0x61ff14) at c:\Users\vaibh\c-activity-sets\c-activity-sets\set02\problem07.c:30
30		t->area = 0.5 * (t->base*t->altitude);
+p t.area
$1 = 0
+n
31	}
+p t.area
$2 = 7.5
+n
main () at c:\Users\vaibh\c-activity-sets\c-activity-sets\set02\problem07.c:16
16		output(t);
+n
17		return 0;
+q
A debugging session is active.

	Inferior 1 [process 5964] will be killed.

Quit anyway? (y or n) error return ../../gdb-7.6.1/gdb/windows-nat.c:1275 was 5
