+b main
Breakpoint 1 at 0x40146e: file c:\Users\vaibh\c-activity-sets\c-activity-sets\set03\problem01.c, line 12.
+r
Starting program: c:\Users\vaibh\c-activity-sets\c-activity-sets\set03/./problem01.exe 
[New Thread 22536.0x6288]
[New Thread 22536.0x6758]

Breakpoint 1, main () at c:\Users\vaibh\c-activity-sets\c-activity-sets\set03\problem01.c:12
12	    input(&x1,&y1,&x2,&y2);
+n
13	    distance=find_distance(x1,y1,x2,y2);
+n
14	    output(x1,y1,x2,y2,distance);
+s
output (x1=2, y1=3, x2=6, y2=3, distance=4) at c:\Users\vaibh\c-activity-sets\c-activity-sets\set03\problem01.c:36
36	    printf("The distance between two points (%f,%f) and (%f,%f) is %f",x1,y1,x2,y2,distance);
+n
37	}
+n
main () at c:\Users\vaibh\c-activity-sets\c-activity-sets\set03\problem01.c:15
15	    return 0;
+n
16	}
+n
0x00401288 in __register_frame_info ()
+q
A debugging session is active.

	Inferior 1 [process 22536] will be killed.

Quit anyway? (y or n) error return ../../gdb-7.6.1/gdb/windows-nat.c:1275 was 5
+b main
Breakpoint 1 at 0x40146e: file c:\Users\vaibh\c-activity-sets\c-activity-sets\set03\problem01.c, line 12.
+r
Starting program: c:\Users\vaibh\c-activity-sets\c-activity-sets\set03/./problem01.exe 
[New Thread 20508.0x2c7c]
[New Thread 20508.0x3314]

Breakpoint 1, main () at c:\Users\vaibh\c-activity-sets\c-activity-sets\set03\problem01.c:12
12	    input(&x1,&y1,&x2,&y2);
+n
13	    distance=find_distance(x1,y1,x2,y2);
+s
find_distance (x1=2, y1=3, x2=5, y2=7) at c:\Users\vaibh\c-activity-sets\c-activity-sets\set03\problem01.c:31
31	    float distance = sqrt((x2-x1)*(x2-x1) + (y2-y1)*(y2-y1));
+p distance
$1 = 8.99951429e-039
+n
32	    return distance;
+p distance
$2 = 5
+n
33	}
+n
main () at c:\Users\vaibh\c-activity-sets\c-activity-sets\set03\problem01.c:14
14	    output(x1,y1,x2,y2,distance);
+n
15	    return 0;
+n
16	}
+n
0x00401288 in __register_frame_info ()
+q
A debugging session is active.

	Inferior 1 [process 20508] will be killed.

Quit anyway? (y or n) error return ../../gdb-7.6.1/gdb/windows-nat.c:1275 was 5
